/home/maxja/miniconda3/envs/adl/lib/python3.12/site-packages/torchvision/models/_utils.py:208: UserWarning: The parameter 'pretrained' is deprecated since 0.13 and may be removed in the future, please use 'weights' instead.
  warnings.warn(
/home/maxja/miniconda3/envs/adl/lib/python3.12/site-packages/torchvision/models/_utils.py:223: UserWarning: Arguments other than a weight enum or `None` for 'weights' are deprecated since 0.13 and may be removed in the future. The current behavior is equivalent to passing `weights=None`.
  warnings.warn(msg)

##### Begin pre-training #####
Epoch 1 loss: 2435.2702
Epoch 2 loss: 1861.1718
Epoch 3 loss: 1372.3137
Epoch 4 loss: 1004.8102
Epoch 5 loss: 793.7784
Epoch 6 loss: 656.2404
Epoch 7 loss: 564.0215
Epoch 8 loss: 507.8877
Epoch 9 loss: 461.2785
Epoch 10 loss: 425.4718
Epoch 11 loss: 376.6452
Epoch 12 loss: 364.7109
Epoch 13 loss: 357.9896
Epoch 14 loss: 351.3306
Epoch 15 loss: 341.9816
Epoch 16 loss: 333.3238
Epoch 17 loss: 319.7165
Epoch 18 loss: 309.1446
Epoch 19 loss: 300.0224
Epoch 20 loss: 289.4071
Epoch 21 loss: 260.0905
Epoch 22 loss: 256.1469
Epoch 23 loss: 252.0933
Epoch 24 loss: 250.4823
Epoch 25 loss: 247.8797
Epoch 26 loss: 244.346
Epoch 27 loss: 241.8141
Epoch 28 loss: 240.6156
Epoch 29 loss: 238.6141
Epoch 30 loss: 235.3904
Epoch 31 loss: 221.188
Epoch 32 loss: 219.5899
Epoch 33 loss: 216.743
Epoch 34 loss: 217.2267
Epoch 35 loss: 216.0132
Epoch 36 loss: 214.2248
Epoch 37 loss: 213.7499
Epoch 38 loss: 213.4509
Epoch 39 loss: 211.0738
Epoch 40 loss: 211.283
Epoch 41 loss: 202.9809
Epoch 42 loss: 201.2764
Epoch 43 loss: 200.6931
Epoch 44 loss: 196.7951
Epoch 45 loss: 194.7141
Epoch 46 loss: 194.0532
Epoch 47 loss: 192.3783
Epoch 48 loss: 190.8256
Epoch 49 loss: 189.9066
Epoch 50 loss: 190.0017

##### Begin fine-tuning #####

Epoch 1/50:
Train loss: 0.979
Val loss: 0.892
Train classification accuracy: 57.113%
Validation classification accuracy: 60.718%
Epoch 2/50:
Train loss: 0.765
Val loss: 0.704
Train classification accuracy: 68.81%
Validation classification accuracy: 72.399%
Epoch 3/50:
Train loss: 0.702
Val loss: 0.691
Train classification accuracy: 72.302%
Validation classification accuracy: 72.727%
Epoch 4/50:
Train loss: 0.677
Val loss: 0.709
Train classification accuracy: 73.377%
Validation classification accuracy: 71.974%
Epoch 5/50:
Train loss: 0.668
Val loss: 0.71
Train classification accuracy: 73.683%
Validation classification accuracy: 72.341%
Epoch 6/50:
Train loss: 0.668
Val loss: 0.686
Train classification accuracy: 73.601%
Validation classification accuracy: 73.125%
Epoch 7/50:
Train loss: 0.657
Val loss: 0.669
Train classification accuracy: 74.157%
Validation classification accuracy: 73.675%
Epoch 8/50:
Train loss: 0.641
Val loss: 0.673
Train classification accuracy: 74.729%
Validation classification accuracy: 73.928%
Epoch 9/50:
Train loss: 0.626
Val loss: 0.629
Train classification accuracy: 75.449%
Validation classification accuracy: 75.417%
Epoch 10/50:
Train loss: 0.607
Val loss: 0.639
Train classification accuracy: 76.258%
Validation classification accuracy: 75.217%
Epoch 11/50:
Train loss: 0.601
Val loss: 0.639
Train classification accuracy: 76.53%
Validation classification accuracy: 75.257%
Epoch 12/50:
Train loss: 0.578
Val loss: 0.619
Train classification accuracy: 77.565%
Validation classification accuracy: 76.147%
Epoch 13/50:
Train loss: 0.558
Val loss: 0.675
Train classification accuracy: 78.362%
Validation classification accuracy: 73.672%
Epoch 14/50:
Train loss: 0.548
Val loss: 0.583
Train classification accuracy: 78.858%
Validation classification accuracy: 77.582%
Epoch 15/50:
Train loss: 0.531
Val loss: 0.563
Train classification accuracy: 79.536%
Validation classification accuracy: 78.485%
Epoch 16/50:
Train loss: 0.516
Val loss: 0.555
Train classification accuracy: 80.146%
Validation classification accuracy: 78.805%
Epoch 17/50:
Train loss: 0.503
Val loss: 0.57
Train classification accuracy: 80.592%
Validation classification accuracy: 78.404%
Epoch 18/50:
Train loss: 0.497
Val loss: 0.575
Train classification accuracy: 80.905%
Validation classification accuracy: 77.998%
Epoch 19/50:
Train loss: 0.497
Val loss: 0.559
Train classification accuracy: 80.825%
Validation classification accuracy: 78.831%
Epoch 20/50:
Train loss: 0.493
Val loss: 0.576
Train classification accuracy: 81.046%
Validation classification accuracy: 78.58%
Epoch 21/50:
Train loss: 0.481
Val loss: 0.541
Train classification accuracy: 81.485%
Validation classification accuracy: 79.492%
Epoch 22/50:
Train loss: 0.473
Val loss: 0.577
Train classification accuracy: 81.743%
Validation classification accuracy: 78.678%
Epoch 23/50:
Train loss: 0.47
Val loss: 0.533
Train classification accuracy: 81.864%
Validation classification accuracy: 79.675%
Epoch 24/50:
Train loss: 0.466
Val loss: 0.541
Train classification accuracy: 81.969%
Validation classification accuracy: 79.547%
Epoch 25/50:
Train loss: 0.464
Val loss: 0.591
Train classification accuracy: 82.022%
Validation classification accuracy: 78.4%
Epoch 26/50:
Train loss: 0.471
Val loss: 0.548
Train classification accuracy: 81.751%
Validation classification accuracy: 79.35%
Epoch 27/50:
Train loss: 0.462
Val loss: 0.517
Train classification accuracy: 82.182%
Validation classification accuracy: 80.342%
Epoch 28/50:
Train loss: 0.456
Val loss: 0.517
Train classification accuracy: 82.374%
Validation classification accuracy: 80.331%
Epoch 29/50:
Train loss: 0.448
Val loss: 0.519
Train classification accuracy: 82.628%
Validation classification accuracy: 80.109%
Epoch 30/50:
Train loss: 0.44
Val loss: 0.508
Train classification accuracy: 82.842%
Validation classification accuracy: 80.938%
Epoch 31/50:
Train loss: 0.438
Val loss: 0.533
Train classification accuracy: 82.924%
Validation classification accuracy: 79.566%
Epoch 32/50:
Train loss: 0.433
Val loss: 0.507
Train classification accuracy: 83.082%
Validation classification accuracy: 80.796%
Epoch 33/50:
Train loss: 0.424
Val loss: 0.515
Train classification accuracy: 83.383%
Validation classification accuracy: 80.626%
Epoch 34/50:
Train loss: 0.425
Val loss: 0.497
Train classification accuracy: 83.346%
Validation classification accuracy: 81.217%
Epoch 35/50:
Train loss: 0.416
Val loss: 0.515
Train classification accuracy: 83.677%
Validation classification accuracy: 80.427%
Epoch 36/50:
Train loss: 0.416
Val loss: 0.539
Train classification accuracy: 83.664%
Validation classification accuracy: 80.613%
Epoch 37/50:
Train loss: 0.411
Val loss: 0.501
Train classification accuracy: 83.828%
Validation classification accuracy: 80.964%
Epoch 38/50:
Train loss: 0.411
Val loss: 0.503
Train classification accuracy: 83.795%
Validation classification accuracy: 80.86%
Epoch 39/50:
Train loss: 0.405
Val loss: 0.497
Train classification accuracy: 83.958%
Validation classification accuracy: 81.603%
Epoch 40/50:
Train loss: 0.413
Val loss: 0.523
Train classification accuracy: 83.722%
Validation classification accuracy: 80.882%
Epoch 41/50:
Train loss: 0.415
Val loss: 0.502
Train classification accuracy: 83.693%
Validation classification accuracy: 80.836%
Epoch 42/50:
Train loss: 0.409
Val loss: 0.515
Train classification accuracy: 83.832%
Validation classification accuracy: 80.887%
Epoch 43/50:
Train loss: 0.41
Val loss: 0.495
Train classification accuracy: 83.786%
Validation classification accuracy: 81.204%
Epoch 44/50:
Train loss: 0.4
Val loss: 0.496
Train classification accuracy: 84.123%
Validation classification accuracy: 81.373%
Epoch 45/50:
Train loss: 0.401
Val loss: 0.49
Train classification accuracy: 84.098%
Validation classification accuracy: 81.526%
Epoch 46/50:
Train loss: 0.394
Val loss: 0.485
Train classification accuracy: 84.315%
Validation classification accuracy: 81.7%
Epoch 47/50:
Train loss: 0.392
Val loss: 0.496
Train classification accuracy: 84.363%
Validation classification accuracy: 81.157%
Epoch 48/50:
Train loss: 0.395
Val loss: 0.502
Train classification accuracy: 84.257%
Validation classification accuracy: 81.219%
Epoch 49/50:
Train loss: 0.403
Val loss: 0.495
Train classification accuracy: 83.993%
Validation classification accuracy: 81.407%
Epoch 50/50:
Train loss: 0.394
Val loss: 0.499
Train classification accuracy: 84.306%
Validation classification accuracy: 81.125%
Training complete

##### Begin benchmark training #####

Epoch 1/50:
Train loss: 0.953
Val loss: 0.832
Train classification accuracy: 57.752%
Validation classification accuracy: 63.618%
Epoch 2/50:
Train loss: 0.811
Val loss: 0.836
Train classification accuracy: 67.268%
Validation classification accuracy: 67.992%
Epoch 3/50:
Train loss: 0.804
Val loss: 0.82
Train classification accuracy: 68.579%
Validation classification accuracy: 68.018%
Epoch 4/50:
Train loss: 0.802
Val loss: 0.805
Train classification accuracy: 68.55%
Validation classification accuracy: 69.019%
Epoch 5/50:
Train loss: 0.799
Val loss: 0.81
Train classification accuracy: 69.143%
Validation classification accuracy: 69.283%
Epoch 6/50:
Train loss: 0.794
Val loss: 0.821
Train classification accuracy: 69.869%
Validation classification accuracy: 71.347%
Epoch 7/50:
Train loss: 0.789
Val loss: 0.802
Train classification accuracy: 70.655%
Validation classification accuracy: 69.947%
Epoch 8/50:
Train loss: 0.794
Val loss: 0.809
Train classification accuracy: 70.575%
Validation classification accuracy: 71.232%
Epoch 9/50:
Train loss: 0.781
Val loss: 0.786
Train classification accuracy: 71.342%
Validation classification accuracy: 71.334%
Epoch 10/50:
Train loss: 0.782
Val loss: 0.797
Train classification accuracy: 71.285%
Validation classification accuracy: 72.083%
Epoch 11/50:
Train loss: 0.754
Val loss: 0.698
Train classification accuracy: 72.022%
Validation classification accuracy: 72.651%
Epoch 12/50:
Train loss: 0.696
Val loss: 0.715
Train classification accuracy: 72.533%
Validation classification accuracy: 71.704%
Epoch 13/50:
Train loss: 0.67
Val loss: 0.727
Train classification accuracy: 73.641%
Validation classification accuracy: 70.848%
Epoch 14/50:
Train loss: 0.658
Val loss: 0.661
Train classification accuracy: 74.144%
Validation classification accuracy: 73.801%
Epoch 15/50:
Train loss: 0.646
Val loss: 0.696
Train classification accuracy: 74.72%
Validation classification accuracy: 72.941%
Epoch 16/50:
Train loss: 0.636
Val loss: 0.637
Train classification accuracy: 75.148%
Validation classification accuracy: 75.206%
Epoch 17/50:
Train loss: 0.622
Val loss: 0.692
Train classification accuracy: 75.787%
Validation classification accuracy: 72.697%
Epoch 18/50:
Train loss: 0.61
Val loss: 0.627
Train classification accuracy: 76.21%
Validation classification accuracy: 75.444%
Epoch 19/50:
Train loss: 0.594
Val loss: 0.619
Train classification accuracy: 76.919%
Validation classification accuracy: 75.885%
Epoch 20/50:
Train loss: 0.581
Val loss: 0.622
Train classification accuracy: 77.432%
Validation classification accuracy: 75.996%
Epoch 21/50:
Train loss: 0.571
Val loss: 0.627
Train classification accuracy: 77.958%
Validation classification accuracy: 75.811%
Epoch 22/50:
Train loss: 0.56
Val loss: 0.619
Train classification accuracy: 78.321%
Validation classification accuracy: 76.067%
Epoch 23/50:
Train loss: 0.55
Val loss: 0.607
Train classification accuracy: 78.776%
Validation classification accuracy: 76.679%
Epoch 24/50:
Train loss: 0.54
Val loss: 0.59
Train classification accuracy: 79.143%
Validation classification accuracy: 77.26%
Epoch 25/50:
Train loss: 0.532
Val loss: 0.611
Train classification accuracy: 79.448%
Validation classification accuracy: 76.174%
Epoch 26/50:
Train loss: 0.524
Val loss: 0.609
Train classification accuracy: 79.782%
Validation classification accuracy: 77.106%
Epoch 27/50:
Train loss: 0.512
Val loss: 0.598
Train classification accuracy: 80.282%
Validation classification accuracy: 77.328%
Epoch 28/50:
Train loss: 0.514
Val loss: 0.587
Train classification accuracy: 80.218%
Validation classification accuracy: 77.513%
Epoch 29/50:
Train loss: 0.5
Val loss: 0.61
Train classification accuracy: 80.705%
Validation classification accuracy: 76.894%
Epoch 30/50:
Train loss: 0.49
Val loss: 0.592
Train classification accuracy: 81.048%
Validation classification accuracy: 77.562%
Epoch 31/50:
Train loss: 0.478
Val loss: 0.606
Train classification accuracy: 81.539%
Validation classification accuracy: 76.866%
Epoch 32/50:
Train loss: 0.47
Val loss: 0.57
Train classification accuracy: 81.793%
Validation classification accuracy: 78.784%
Epoch 33/50:
Train loss: 0.46
Val loss: 0.569
Train classification accuracy: 82.155%
Validation classification accuracy: 78.688%
Epoch 34/50:
Train loss: 0.453
Val loss: 0.553
Train classification accuracy: 82.43%
Validation classification accuracy: 78.954%
Epoch 35/50:
Train loss: 0.449
Val loss: 0.604
Train classification accuracy: 82.499%
Validation classification accuracy: 77.549%
Epoch 36/50:
Train loss: 0.446
Val loss: 0.572
Train classification accuracy: 82.647%
Validation classification accuracy: 78.493%
Epoch 37/50:
Train loss: 0.439
Val loss: 0.566
Train classification accuracy: 82.892%
Validation classification accuracy: 78.667%
Epoch 38/50:
Train loss: 0.43
Val loss: 0.565
Train classification accuracy: 83.17%
Validation classification accuracy: 79.305%
Epoch 39/50:
Train loss: 0.428
Val loss: 0.573
Train classification accuracy: 83.258%
Validation classification accuracy: 78.855%
Epoch 40/50:
Train loss: 0.427
Val loss: 0.556
Train classification accuracy: 83.253%
Validation classification accuracy: 78.888%
Epoch 41/50:
Train loss: 0.418
Val loss: 0.568
Train classification accuracy: 83.589%
Validation classification accuracy: 79.161%
Epoch 42/50:
Train loss: 0.416
Val loss: 0.56
Train classification accuracy: 83.625%
Validation classification accuracy: 79.229%
Epoch 43/50:
Train loss: 0.413
Val loss: 0.556
Train classification accuracy: 83.742%
Validation classification accuracy: 79.629%
Epoch 44/50:
Train loss: 0.416
Val loss: 0.574
Train classification accuracy: 83.583%
Validation classification accuracy: 78.306%
Epoch 45/50:
Train loss: 0.414
Val loss: 0.548
Train classification accuracy: 83.696%
Validation classification accuracy: 79.361%
Epoch 46/50:
Train loss: 0.411
Val loss: 0.556
Train classification accuracy: 83.772%
Validation classification accuracy: 79.109%
Epoch 47/50:
Train loss: 0.404
Val loss: 0.561
Train classification accuracy: 83.988%
Validation classification accuracy: 79.018%
Epoch 48/50:
Train loss: 0.405
Val loss: 0.576
Train classification accuracy: 83.948%
Validation classification accuracy: 79.141%
Epoch 49/50:
Train loss: 0.405
Val loss: 0.558
Train classification accuracy: 83.925%
Validation classification accuracy: 79.248%
Epoch 50/50:
Train loss: 0.407
Val loss: 0.568
Train classification accuracy: 83.871%
Validation classification accuracy: 79.038%
Training complete
Done!
